# JRE version: OpenJDK Runtime Environment (7.0_65-b32) (build 1.7.0_65-b32)
# Java VM: OpenJDK 64-Bit Server VM (24.65-b04 mixed mode linux-amd64 compressed oops)
Heap
 PSYoungGen      total 165888K, used 7150K [0x00000000ebe80000, 0x00000000f6980000, 0x0000000100000000)
  eden space 158720K, 0% used [0x00000000ebe80000,0x00000000ebe80000,0x00000000f5980000)
  from space 7168K, 99% used [0x00000000f5980000,0x00000000f607bba0,0x00000000f6080000)
  to   space 5120K, 0% used [0x00000000f6080000,0x00000000f6080000,0x00000000f6580000)
 ParOldGen       total 40960K, used 20001K [0x00000000c3c00000, 0x00000000c6400000, 0x00000000ebe80000)
  object space 40960K, 48% used [0x00000000c3c00000,0x00000000c4f886a8,0x00000000c6400000)
 PSPermGen       total 36352K, used 36116K [0x00000000b9600000, 0x00000000bb980000, 0x00000000c3c00000)
  object space 36352K, 99% used [0x00000000b9600000,0x00000000bb945048,0x00000000bb980000)
GC Heap History (10 events):
Event: 3.410 GC heap after
Heap after GC invocations=8 (full 0):
 PSYoungGen      total 66560K, used 3027K [0x00000000ebe80000, 0x00000000f0380000, 0x0000000100000000)
  eden space 62464K, 0% used [0x00000000ebe80000,0x00000000ebe80000,0x00000000efb80000)
  from space 4096K, 73% used [0x00000000eff80000,0x00000000f0274c00,0x00000000f0380000)
  to   space 4096K, 0% used [0x00000000efb80000,0x00000000efb80000,0x00000000eff80000)
 ParOldGen       total 40960K, used 3886K [0x00000000c3c00000, 0x00000000c6400000, 0x00000000ebe80000)
  object space 40960K, 9% used [0x00000000c3c00000,0x00000000c3fcb958,0x00000000c6400000)
 PSPermGen       total 21504K, used 12298K [0x00000000b9600000, 0x00000000bab00000, 0x00000000c3c00000)
  object space 21504K, 57% used [0x00000000b9600000,0x00000000ba2029e8,0x00000000bab00000)
}
Event: 4.649 GC heap before
{Heap before GC invocations=9 (full 0):
 PSYoungGen      total 66560K, used 65491K [0x00000000ebe80000, 0x00000000f0380000, 0x0000000100000000)
  eden space 62464K, 100% used [0x00000000ebe80000,0x00000000efb80000,0x00000000efb80000)
  from space 4096K, 73% used [0x00000000eff80000,0x00000000f0274c00,0x00000000f0380000)
  to   space 4096K, 0% used [0x00000000efb80000,0x00000000efb80000,0x00000000eff80000)
 ParOldGen       total 40960K, used 3886K [0x00000000c3c00000, 0x00000000c6400000, 0x00000000ebe80000)
  object space 40960K, 9% used [0x00000000c3c00000,0x00000000c3fcb958,0x00000000c6400000)
 PSPermGen       total 21504K, used 14342K [0x00000000b9600000, 0x00000000bab00000, 0x00000000c3c00000)
  object space 21504K, 66% used [0x00000000b9600000,0x00000000ba401930,0x00000000bab00000)
Event: 4.658 GC heap after
Heap after GC invocations=9 (full 0):
 PSYoungGen      total 66560K, used 4068K [0x00000000ebe80000, 0x00000000f2a80000, 0x0000000100000000)
  eden space 62464K, 0% used [0x00000000ebe80000,0x00000000ebe80000,0x00000000efb80000)
  from space 4096K, 99% used [0x00000000efb80000,0x00000000eff792d8,0x00000000eff80000)
  to   space 5120K, 0% used [0x00000000f2580000,0x00000000f2580000,0x00000000f2a80000)
 ParOldGen       total 40960K, used 5394K [0x00000000c3c00000, 0x00000000c6400000, 0x00000000ebe80000)
  object space 40960K, 13% used [0x00000000c3c00000,0x00000000c4144af0,0x00000000c6400000)
 PSPermGen       total 21504K, used 14342K [0x00000000b9600000, 0x00000000bab00000, 0x00000000c3c00000)
  object space 21504K, 66% used [0x00000000b9600000,0x00000000ba401930,0x00000000bab00000)
}
Event: 6.004 GC heap before
{Heap before GC invocations=10 (full 0):
 PSYoungGen      total 66560K, used 66532K [0x00000000ebe80000, 0x00000000f2a80000, 0x0000000100000000)
  eden space 62464K, 100% used [0x00000000ebe80000,0x00000000efb80000,0x00000000efb80000)
  from space 4096K, 99% used [0x00000000efb80000,0x00000000eff792d8,0x00000000eff80000)
  to   space 5120K, 0% used [0x00000000f2580000,0x00000000f2580000,0x00000000f2a80000)
 ParOldGen       total 40960K, used 5394K [0x00000000c3c00000, 0x00000000c6400000, 0x00000000ebe80000)
  object space 40960K, 13% used [0x00000000c3c00000,0x00000000c4144af0,0x00000000c6400000)
 PSPermGen       total 21504K, used 16933K [0x00000000b9600000, 0x00000000bab00000, 0x00000000c3c00000)
  object space 21504K, 78% used [0x00000000b9600000,0x00000000ba689570,0x00000000bab00000)
Event: 6.115 GC heap after
Heap after GC invocations=10 (full 0):
 PSYoungGen      total 105472K, used 4591K [0x00000000ebe80000, 0x00000000f2a80000, 0x0000000100000000)
  eden space 100352K, 0% used [0x00000000ebe80000,0x00000000ebe80000,0x00000000f2080000)
  from space 5120K, 89% used [0x00000000f2580000,0x00000000f29fbf28,0x00000000f2a80000)
  to   space 5120K, 0% used [0x00000000f2080000,0x00000000f2080000,0x00000000f2580000)
 ParOldGen       total 40960K, used 6976K [0x00000000c3c00000, 0x00000000c6400000, 0x00000000ebe80000)
  object space 40960K, 17% used [0x00000000c3c00000,0x00000000c42d0318,0x00000000c6400000)
 PSPermGen       total 21504K, used 16933K [0x00000000b9600000, 0x00000000bab00000, 0x00000000c3c00000)
  object space 21504K, 78% used [0x00000000b9600000,0x00000000ba689570,0x00000000bab00000)
}
Event: 8.244 GC heap before
{Heap before GC invocations=11 (full 0):
 PSYoungGen      total 105472K, used 104943K [0x00000000ebe80000, 0x00000000f2a80000, 0x0000000100000000)
  eden space 100352K, 100% used [0x00000000ebe80000,0x00000000f2080000,0x00000000f2080000)
  from space 5120K, 89% used [0x00000000f2580000,0x00000000f29fbf28,0x00000000f2a80000)
  to   space 5120K, 0% used [0x00000000f2080000,0x00000000f2080000,0x00000000f2580000)
 ParOldGen       total 40960K, used 6976K [0x00000000c3c00000, 0x00000000c6400000, 0x00000000ebe80000)
  object space 40960K, 17% used [0x00000000c3c00000,0x00000000c42d0318,0x00000000c6400000)
 PSPermGen       total 21504K, used 19517K [0x00000000b9600000, 0x00000000bab00000, 0x00000000c3c00000)
  object space 21504K, 90% used [0x00000000b9600000,0x00000000ba90f6e0,0x00000000bab00000)
Event: 8.468 GC heap after
Heap after GC invocations=11 (full 0):
 PSYoungGen      total 105472K, used 3546K [0x00000000ebe80000, 0x00000000f6580000, 0x0000000100000000)
  eden space 100352K, 0% used [0x00000000ebe80000,0x00000000ebe80000,0x00000000f2080000)
  from space 5120K, 69% used [0x00000000f2080000,0x00000000f23f6808,0x00000000f2580000)
  to   space 5120K, 0% used [0x00000000f6080000,0x00000000f6080000,0x00000000f6580000)
 ParOldGen       total 40960K, used 8979K [0x00000000c3c00000, 0x00000000c6400000, 0x00000000ebe80000)
  object space 40960K, 21% used [0x00000000c3c00000,0x00000000c44c4e10,0x00000000c6400000)
 PSPermGen       total 21504K, used 19517K [0x00000000b9600000, 0x00000000bab00000, 0x00000000c3c00000)
  object space 21504K, 90% used [0x00000000b9600000,0x00000000ba90f6e0,0x00000000bab00000)
}
Event: 11.111 GC heap before
{Heap before GC invocations=12 (full 0):
 PSYoungGen      total 105472K, used 103898K [0x00000000ebe80000, 0x00000000f6580000, 0x0000000100000000)
  eden space 100352K, 100% used [0x00000000ebe80000,0x00000000f2080000,0x00000000f2080000)
  from space 5120K, 69% used [0x00000000f2080000,0x00000000f23f6808,0x00000000f2580000)
  to   space 5120K, 0% used [0x00000000f6080000,0x00000000f6080000,0x00000000f6580000)
 ParOldGen       total 40960K, used 8979K [0x00000000c3c00000, 0x00000000c6400000, 0x00000000ebe80000)
  object space 40960K, 21% used [0x00000000c3c00000,0x00000000c44c4e10,0x00000000c6400000)
 PSPermGen       total 27136K, used 26641K [0x00000000b9600000, 0x00000000bb080000, 0x00000000c3c00000)
  object space 27136K, 98% used [0x00000000b9600000,0x00000000bb004420,0x00000000bb080000)
Event: 11.129 GC heap after
Heap after GC invocations=12 (full 0):
 PSYoungGen      total 163840K, used 5112K [0x00000000ebe80000, 0x00000000f6980000, 0x0000000100000000)
  eden space 158720K, 0% used [0x00000000ebe80000,0x00000000ebe80000,0x00000000f5980000)
  from space 5120K, 99% used [0x00000000f6080000,0x00000000f657e0f0,0x00000000f6580000)
  to   space 7168K, 0% used [0x00000000f5980000,0x00000000f5980000,0x00000000f6080000)
 ParOldGen       total 40960K, used 12495K [0x00000000c3c00000, 0x00000000c6400000, 0x00000000ebe80000)
  object space 40960K, 30% used [0x00000000c3c00000,0x00000000c4833ed0,0x00000000c6400000)
 PSPermGen       total 27136K, used 26641K [0x00000000b9600000, 0x00000000bb080000, 0x00000000c3c00000)
  object space 27136K, 98% used [0x00000000b9600000,0x00000000bb004420,0x00000000bb080000)
}
Event: 17.042 GC heap before
{Heap before GC invocations=13 (full 0):
 PSYoungGen      total 163840K, used 163832K [0x00000000ebe80000, 0x00000000f6980000, 0x0000000100000000)
  eden space 158720K, 100% used [0x00000000ebe80000,0x00000000f5980000,0x00000000f5980000)
  from space 5120K, 99% used [0x00000000f6080000,0x00000000f657e0f0,0x00000000f6580000)
  to   space 7168K, 0% used [0x00000000f5980000,0x00000000f5980000,0x00000000f6080000)
 ParOldGen       total 40960K, used 12495K [0x00000000c3c00000, 0x00000000c6400000, 0x00000000ebe80000)
  object space 40960K, 30% used [0x00000000c3c00000,0x00000000c4833ed0,0x00000000c6400000)
 PSPermGen       total 36352K, used 36116K [0x00000000b9600000, 0x00000000bb980000, 0x00000000c3c00000)
  object space 36352K, 99% used [0x00000000b9600000,0x00000000bb945048,0x00000000bb980000)

