# JRE version: OpenJDK Runtime Environment (7.0_65-b32) (build 1.7.0_65-b32)
# Java VM: OpenJDK 64-Bit Server VM (24.65-b04 mixed mode linux-amd64 compressed oops)
Heap
 PSYoungGen      total 208384K, used 6623K [0x00000000ebe80000, 0x00000000f9280000, 0x0000000100000000)
  eden space 200704K, 0% used [0x00000000ebe80000,0x00000000ebe80000,0x00000000f8280000)
  from space 7680K, 86% used [0x00000000f8280000,0x00000000f88f7f88,0x00000000f8a00000)
  to   space 6656K, 0% used [0x00000000f8a00000,0x00000000f8a00000,0x00000000f9080000)
 ParOldGen       total 40960K, used 9750K [0x00000000c3c00000, 0x00000000c6400000, 0x00000000ebe80000)
  object space 40960K, 23% used [0x00000000c3c00000,0x00000000c4585988,0x00000000c6400000)
 PSPermGen       total 24576K, used 24417K [0x00000000b9600000, 0x00000000bae00000, 0x00000000c3c00000)
  object space 24576K, 99% used [0x00000000b9600000,0x00000000badd87c0,0x00000000bae00000)
GC Heap History (10 events):
Event: 2.904 GC heap after
Heap after GC invocations=6 (full 0):
 PSYoungGen      total 67072K, used 4086K [0x00000000ebe80000, 0x00000000f0580000, 0x0000000100000000)
  eden space 62976K, 0% used [0x00000000ebe80000,0x00000000ebe80000,0x00000000efc00000)
  from space 4096K, 99% used [0x00000000f0080000,0x00000000f047da28,0x00000000f0480000)
  to   space 4608K, 0% used [0x00000000efc00000,0x00000000efc00000,0x00000000f0080000)
 ParOldGen       total 40960K, used 1297K [0x00000000c3c00000, 0x00000000c6400000, 0x00000000ebe80000)
  object space 40960K, 3% used [0x00000000c3c00000,0x00000000c3d444e0,0x00000000c6400000)
 PSPermGen       total 21504K, used 10753K [0x00000000b9600000, 0x00000000bab00000, 0x00000000c3c00000)
  object space 21504K, 50% used [0x00000000b9600000,0x00000000ba080688,0x00000000bab00000)
}
Event: 3.840 GC heap before
{Heap before GC invocations=7 (full 0):
 PSYoungGen      total 67072K, used 63280K [0x00000000ebe80000, 0x00000000f0580000, 0x0000000100000000)
  eden space 62976K, 93% used [0x00000000ebe80000,0x00000000ef84e8b0,0x00000000efc00000)
  from space 4096K, 99% used [0x00000000f0080000,0x00000000f047da28,0x00000000f0480000)
  to   space 4608K, 0% used [0x00000000efc00000,0x00000000efc00000,0x00000000f0080000)
 ParOldGen       total 40960K, used 1297K [0x00000000c3c00000, 0x00000000c6400000, 0x00000000ebe80000)
  object space 40960K, 3% used [0x00000000c3c00000,0x00000000c3d444e0,0x00000000c6400000)
 PSPermGen       total 21504K, used 11039K [0x00000000b9600000, 0x00000000bab00000, 0x00000000c3c00000)
  object space 21504K, 51% used [0x00000000b9600000,0x00000000ba0c7d60,0x00000000bab00000)
Event: 3.853 GC heap after
Heap after GC invocations=7 (full 0):
 PSYoungGen      total 67584K, used 3615K [0x00000000ebe80000, 0x00000000f4380000, 0x0000000100000000)
  eden space 62976K, 0% used [0x00000000ebe80000,0x00000000ebe80000,0x00000000efc00000)
  from space 4608K, 78% used [0x00000000efc00000,0x00000000eff87f38,0x00000000f0080000)
  to   space 5120K, 0% used [0x00000000f3e80000,0x00000000f3e80000,0x00000000f4380000)
 ParOldGen       total 40960K, used 2209K [0x00000000c3c00000, 0x00000000c6400000, 0x00000000ebe80000)
  object space 40960K, 5% used [0x00000000c3c00000,0x00000000c3e287f8,0x00000000c6400000)
 PSPermGen       total 21504K, used 11039K [0x00000000b9600000, 0x00000000bab00000, 0x00000000c3c00000)
  object space 21504K, 51% used [0x00000000b9600000,0x00000000ba0c7d60,0x00000000bab00000)
}
Event: 4.379 GC heap before
{Heap before GC invocations=8 (full 0):
 PSYoungGen      total 67584K, used 66591K [0x00000000ebe80000, 0x00000000f4380000, 0x0000000100000000)
  eden space 62976K, 100% used [0x00000000ebe80000,0x00000000efc00000,0x00000000efc00000)
  from space 4608K, 78% used [0x00000000efc00000,0x00000000eff87f38,0x00000000f0080000)
  to   space 5120K, 0% used [0x00000000f3e80000,0x00000000f3e80000,0x00000000f4380000)
 ParOldGen       total 40960K, used 2209K [0x00000000c3c00000, 0x00000000c6400000, 0x00000000ebe80000)
  object space 40960K, 5% used [0x00000000c3c00000,0x00000000c3e287f8,0x00000000c6400000)
 PSPermGen       total 21504K, used 11836K [0x00000000b9600000, 0x00000000bab00000, 0x00000000c3c00000)
  object space 21504K, 55% used [0x00000000b9600000,0x00000000ba18f020,0x00000000bab00000)
Event: 4.386 GC heap after
Heap after GC invocations=8 (full 0):
 PSYoungGen      total 131072K, used 4010K [0x00000000ebe80000, 0x00000000f4380000, 0x0000000100000000)
  eden space 125952K, 0% used [0x00000000ebe80000,0x00000000ebe80000,0x00000000f3980000)
  from space 5120K, 78% used [0x00000000f3e80000,0x00000000f426abb0,0x00000000f4380000)
  to   space 5120K, 0% used [0x00000000f3980000,0x00000000f3980000,0x00000000f3e80000)
 ParOldGen       total 40960K, used 2793K [0x00000000c3c00000, 0x00000000c6400000, 0x00000000ebe80000)
  object space 40960K, 6% used [0x00000000c3c00000,0x00000000c3eba7f8,0x00000000c6400000)
 PSPermGen       total 21504K, used 11836K [0x00000000b9600000, 0x00000000bab00000, 0x00000000c3c00000)
  object space 21504K, 55% used [0x00000000b9600000,0x00000000ba18f020,0x00000000bab00000)
}
Event: 6.849 GC heap before
{Heap before GC invocations=9 (full 0):
 PSYoungGen      total 131072K, used 129962K [0x00000000ebe80000, 0x00000000f4380000, 0x0000000100000000)
  eden space 125952K, 100% used [0x00000000ebe80000,0x00000000f3980000,0x00000000f3980000)
  from space 5120K, 78% used [0x00000000f3e80000,0x00000000f426abb0,0x00000000f4380000)
  to   space 5120K, 0% used [0x00000000f3980000,0x00000000f3980000,0x00000000f3e80000)
 ParOldGen       total 40960K, used 2793K [0x00000000c3c00000, 0x00000000c6400000, 0x00000000ebe80000)
  object space 40960K, 6% used [0x00000000c3c00000,0x00000000c3eba7f8,0x00000000c6400000)
 PSPermGen       total 21504K, used 15091K [0x00000000b9600000, 0x00000000bab00000, 0x00000000c3c00000)
  object space 21504K, 70% used [0x00000000b9600000,0x00000000ba4bcda0,0x00000000bab00000)
Event: 6.858 GC heap after
Heap after GC invocations=9 (full 0):
 PSYoungGen      total 131072K, used 5118K [0x00000000ebe80000, 0x00000000f9080000, 0x0000000100000000)
  eden space 125952K, 0% used [0x00000000ebe80000,0x00000000ebe80000,0x00000000f3980000)
  from space 5120K, 99% used [0x00000000f3980000,0x00000000f3e7fa90,0x00000000f3e80000)
  to   space 6656K, 0% used [0x00000000f8a00000,0x00000000f8a00000,0x00000000f9080000)
 ParOldGen       total 40960K, used 4944K [0x00000000c3c00000, 0x00000000c6400000, 0x00000000ebe80000)
  object space 40960K, 12% used [0x00000000c3c00000,0x00000000c40d41c8,0x00000000c6400000)
 PSPermGen       total 21504K, used 15091K [0x00000000b9600000, 0x00000000bab00000, 0x00000000c3c00000)
  object space 21504K, 70% used [0x00000000b9600000,0x00000000ba4bcda0,0x00000000bab00000)
}
Event: 8.978 GC heap before
{Heap before GC invocations=10 (full 0):
 PSYoungGen      total 131072K, used 131070K [0x00000000ebe80000, 0x00000000f9080000, 0x0000000100000000)
  eden space 125952K, 100% used [0x00000000ebe80000,0x00000000f3980000,0x00000000f3980000)
  from space 5120K, 99% used [0x00000000f3980000,0x00000000f3e7fa90,0x00000000f3e80000)
  to   space 6656K, 0% used [0x00000000f8a00000,0x00000000f8a00000,0x00000000f9080000)
 ParOldGen       total 40960K, used 4944K [0x00000000c3c00000, 0x00000000c6400000, 0x00000000ebe80000)
  object space 40960K, 12% used [0x00000000c3c00000,0x00000000c40d41c8,0x00000000c6400000)
 PSPermGen       total 21504K, used 18349K [0x00000000b9600000, 0x00000000bab00000, 0x00000000c3c00000)
  object space 21504K, 85% used [0x00000000b9600000,0x00000000ba7eb5e0,0x00000000bab00000)
Event: 8.993 GC heap after
Heap after GC invocations=10 (full 0):
 PSYoungGen      total 207360K, used 5785K [0x00000000ebe80000, 0x00000000f9280000, 0x0000000100000000)
  eden space 200704K, 0% used [0x00000000ebe80000,0x00000000ebe80000,0x00000000f8280000)
  from space 6656K, 86% used [0x00000000f8a00000,0x00000000f8fa64c0,0x00000000f9080000)
  to   space 7680K, 0% used [0x00000000f8280000,0x00000000f8280000,0x00000000f8a00000)
 ParOldGen       total 40960K, used 5949K [0x00000000c3c00000, 0x00000000c6400000, 0x00000000ebe80000)
  object space 40960K, 14% used [0x00000000c3c00000,0x00000000c41cf738,0x00000000c6400000)
 PSPermGen       total 21504K, used 18349K [0x00000000b9600000, 0x00000000bab00000, 0x00000000c3c00000)
  object space 21504K, 85% used [0x00000000b9600000,0x00000000ba7eb5e0,0x00000000bab00000)
}
Event: 13.006 GC heap before
{Heap before GC invocations=11 (full 0):
 PSYoungGen      total 207360K, used 206489K [0x00000000ebe80000, 0x00000000f9280000, 0x0000000100000000)
  eden space 200704K, 100% used [0x00000000ebe80000,0x00000000f8280000,0x00000000f8280000)
  from space 6656K, 86% used [0x00000000f8a00000,0x00000000f8fa64c0,0x00000000f9080000)
  to   space 7680K, 0% used [0x00000000f8280000,0x00000000f8280000,0x00000000f8a00000)
 ParOldGen       total 40960K, used 5949K [0x00000000c3c00000, 0x00000000c6400000, 0x00000000ebe80000)
  object space 40960K, 14% used [0x00000000c3c00000,0x00000000c41cf738,0x00000000c6400000)
 PSPermGen       total 24576K, used 24417K [0x00000000b9600000, 0x00000000bae00000, 0x00000000c3c00000)
  object space 24576K, 99% used [0x00000000b9600000,0x00000000badd87c0,0x00000000bae00000)

