# JRE version: OpenJDK Runtime Environment (7.0_65-b32) (build 1.7.0_65-b32)
# Java VM: OpenJDK 64-Bit Server VM (24.65-b04 mixed mode linux-amd64 compressed oops)
Heap
 PSYoungGen      total 172544K, used 40253K [0x00000000ebe80000, 0x00000000f7c00000, 0x0000000100000000)
  eden space 166400K, 20% used [0x00000000ebe80000,0x00000000edfd6388,0x00000000f6100000)
  from space 6144K, 99% used [0x00000000f7600000,0x00000000f7bf9098,0x00000000f7c00000)
  to   space 12800K, 0% used [0x00000000f6300000,0x00000000f6300000,0x00000000f6f80000)
 ParOldGen       total 55808K, used 40534K [0x00000000c3c00000, 0x00000000c7280000, 0x00000000ebe80000)
  object space 55808K, 72% used [0x00000000c3c00000,0x00000000c6395b80,0x00000000c7280000)
 PSPermGen       total 80896K, used 54827K [0x00000000b9600000, 0x00000000be500000, 0x00000000c3c00000)
  object space 80896K, 67% used [0x00000000b9600000,0x00000000bcb8ace8,0x00000000be500000)
GC Heap History (10 events):
Event: 25.707 GC heap before
{Heap before GC invocations=23 (full 1):
 PSYoungGen      total 124928K, used 124547K [0x00000000ebe80000, 0x00000000f8880000, 0x0000000100000000)
  eden space 120832K, 100% used [0x00000000ebe80000,0x00000000f3480000,0x00000000f3480000)
  from space 4096K, 90% used [0x00000000f7b80000,0x00000000f7f20ed0,0x00000000f7f80000)
  to   space 8704K, 0% used [0x00000000f8000000,0x00000000f8000000,0x00000000f8880000)
 ParOldGen       total 55808K, used 23109K [0x00000000c3c00000, 0x00000000c7280000, 0x00000000ebe80000)
  object space 55808K, 41% used [0x00000000c3c00000,0x00000000c5291628,0x00000000c7280000)
 PSPermGen       total 80896K, used 42114K [0x00000000b9600000, 0x00000000be500000, 0x00000000c3c00000)
  object space 80896K, 52% used [0x00000000b9600000,0x00000000bbf20a00,0x00000000be500000)
Event: 25.718 GC heap after
Heap after GC invocations=23 (full 1):
 PSYoungGen      total 146432K, used 6042K [0x00000000ebe80000, 0x00000000f8600000, 0x0000000100000000)
  eden space 140288K, 0% used [0x00000000ebe80000,0x00000000ebe80000,0x00000000f4780000)
  from space 6144K, 98% used [0x00000000f8000000,0x00000000f85e6b80,0x00000000f8600000)
  to   space 8704K, 0% used [0x00000000f7500000,0x00000000f7500000,0x00000000f7d80000)
 ParOldGen       total 55808K, used 23109K [0x00000000c3c00000, 0x00000000c7280000, 0x00000000ebe80000)
  object space 55808K, 41% used [0x00000000c3c00000,0x00000000c5291628,0x00000000c7280000)
 PSPermGen       total 80896K, used 42114K [0x00000000b9600000, 0x00000000be500000, 0x00000000c3c00000)
  object space 80896K, 52% used [0x00000000b9600000,0x00000000bbf20a00,0x00000000be500000)
}
Event: 27.103 GC heap before
{Heap before GC invocations=24 (full 1):
 PSYoungGen      total 146432K, used 146330K [0x00000000ebe80000, 0x00000000f8600000, 0x0000000100000000)
  eden space 140288K, 100% used [0x00000000ebe80000,0x00000000f4780000,0x00000000f4780000)
  from space 6144K, 98% used [0x00000000f8000000,0x00000000f85e6b80,0x00000000f8600000)
  to   space 8704K, 0% used [0x00000000f7500000,0x00000000f7500000,0x00000000f7d80000)
 ParOldGen       total 55808K, used 23109K [0x00000000c3c00000, 0x00000000c7280000, 0x00000000ebe80000)
  object space 55808K, 41% used [0x00000000c3c00000,0x00000000c5291628,0x00000000c7280000)
 PSPermGen       total 80896K, used 44128K [0x00000000b9600000, 0x00000000be500000, 0x00000000c3c00000)
  object space 80896K, 54% used [0x00000000b9600000,0x00000000bc118010,0x00000000be500000)
Event: 27.117 GC heap after
Heap after GC invocations=24 (full 1):
 PSYoungGen      total 172032K, used 8699K [0x00000000ebe80000, 0x00000000f8080000, 0x0000000100000000)
  eden space 163328K, 0% used [0x00000000ebe80000,0x00000000ebe80000,0x00000000f5e00000)
  from space 8704K, 99% used [0x00000000f7500000,0x00000000f7d7ed58,0x00000000f7d80000)
  to   space 3072K, 0% used [0x00000000f7d80000,0x00000000f7d80000,0x00000000f8080000)
 ParOldGen       total 55808K, used 25180K [0x00000000c3c00000, 0x00000000c7280000, 0x00000000ebe80000)
  object space 55808K, 45% used [0x00000000c3c00000,0x00000000c54971b8,0x00000000c7280000)
 PSPermGen       total 80896K, used 44128K [0x00000000b9600000, 0x00000000be500000, 0x00000000c3c00000)
  object space 80896K, 54% used [0x00000000b9600000,0x00000000bc118010,0x00000000be500000)
}
Event: 79.583 GC heap before
{Heap before GC invocations=25 (full 1):
 PSYoungGen      total 172032K, used 172027K [0x00000000ebe80000, 0x00000000f8080000, 0x0000000100000000)
  eden space 163328K, 100% used [0x00000000ebe80000,0x00000000f5e00000,0x00000000f5e00000)
  from space 8704K, 99% used [0x00000000f7500000,0x00000000f7d7ed58,0x00000000f7d80000)
  to   space 3072K, 0% used [0x00000000f7d80000,0x00000000f7d80000,0x00000000f8080000)
 ParOldGen       total 55808K, used 25180K [0x00000000c3c00000, 0x00000000c7280000, 0x00000000ebe80000)
  object space 55808K, 45% used [0x00000000c3c00000,0x00000000c54971b8,0x00000000c7280000)
 PSPermGen       total 80896K, used 46217K [0x00000000b9600000, 0x00000000be500000, 0x00000000c3c00000)
  object space 80896K, 57% used [0x00000000b9600000,0x00000000bc322490,0x00000000be500000)
Event: 79.607 GC heap after
Heap after GC invocations=25 (full 1):
 PSYoungGen      total 184320K, used 3040K [0x00000000ebe80000, 0x00000000f9000000, 0x0000000100000000)
  eden space 181248K, 0% used [0x00000000ebe80000,0x00000000ebe80000,0x00000000f6f80000)
  from space 3072K, 98% used [0x00000000f7d80000,0x00000000f80781d8,0x00000000f8080000)
  to   space 14336K, 0% used [0x00000000f6f80000,0x00000000f6f80000,0x00000000f7d80000)
 ParOldGen       total 55808K, used 37488K [0x00000000c3c00000, 0x00000000c7280000, 0x00000000ebe80000)
  object space 55808K, 67% used [0x00000000c3c00000,0x00000000c609c2f8,0x00000000c7280000)
 PSPermGen       total 80896K, used 46217K [0x00000000b9600000, 0x00000000be500000, 0x00000000c3c00000)
  object space 80896K, 57% used [0x00000000b9600000,0x00000000bc322490,0x00000000be500000)
}
Event: 835.192 GC heap before
{Heap before GC invocations=26 (full 1):
 PSYoungGen      total 184320K, used 184288K [0x00000000ebe80000, 0x00000000f9000000, 0x0000000100000000)
  eden space 181248K, 100% used [0x00000000ebe80000,0x00000000f6f80000,0x00000000f6f80000)
  from space 3072K, 98% used [0x00000000f7d80000,0x00000000f80781d8,0x00000000f8080000)
  to   space 14336K, 0% used [0x00000000f6f80000,0x00000000f6f80000,0x00000000f7d80000)
 ParOldGen       total 55808K, used 37488K [0x00000000c3c00000, 0x00000000c7280000, 0x00000000ebe80000)
  object space 55808K, 67% used [0x00000000c3c00000,0x00000000c609c2f8,0x00000000c7280000)
 PSPermGen       total 80896K, used 51163K [0x00000000b9600000, 0x00000000be500000, 0x00000000c3c00000)
  object space 80896K, 63% used [0x00000000b9600000,0x00000000bc7f6e40,0x00000000be500000)
Event: 835.208 GC heap after
Heap after GC invocations=26 (full 1):
 PSYoungGen      total 180224K, used 6613K [0x00000000ebe80000, 0x00000000f8300000, 0x0000000100000000)
  eden space 173568K, 0% used [0x00000000ebe80000,0x00000000ebe80000,0x00000000f6800000)
  from space 6656K, 99% used [0x00000000f6f80000,0x00000000f75f5550,0x00000000f7600000)
  to   space 13312K, 0% used [0x00000000f7600000,0x00000000f7600000,0x00000000f8300000)
 ParOldGen       total 55808K, used 40534K [0x00000000c3c00000, 0x00000000c7280000, 0x00000000ebe80000)
  object space 55808K, 72% used [0x00000000c3c00000,0x00000000c6395b80,0x00000000c7280000)
 PSPermGen       total 80896K, used 51163K [0x00000000b9600000, 0x00000000be500000, 0x00000000c3c00000)
  object space 80896K, 63% used [0x00000000b9600000,0x00000000bc7f6e40,0x00000000be500000)
}
Event: 2162.623 GC heap before
{Heap before GC invocations=27 (full 1):
 PSYoungGen      total 180224K, used 180181K [0x00000000ebe80000, 0x00000000f8300000, 0x0000000100000000)
  eden space 173568K, 100% used [0x00000000ebe80000,0x00000000f6800000,0x00000000f6800000)
  from space 6656K, 99% used [0x00000000f6f80000,0x00000000f75f5550,0x00000000f7600000)
  to   space 13312K, 0% used [0x00000000f7600000,0x00000000f7600000,0x00000000f8300000)
 ParOldGen       total 55808K, used 40534K [0x00000000c3c00000, 0x00000000c7280000, 0x00000000ebe80000)
  object space 55808K, 72% used [0x00000000c3c00000,0x00000000c6395b80,0x00000000c7280000)
 PSPermGen       total 80896K, used 54376K [0x00000000b9600000, 0x00000000be500000, 0x00000000c3c00000)
  object space 80896K, 67% used [0x00000000b9600000,0x00000000bcb1a0e0,0x00000000be500000)
Event: 2162.642 GC heap after
Heap after GC invocations=27 (full 1):
 PSYoungGen      total 172544K, used 6116K [0x00000000ebe80000, 0x00000000f7c00000, 0x0000000100000000)
  eden space 166400K, 0% used [0x00000000ebe80000,0x00000000ebe80000,0x00000000f6100000)
  from space 6144K, 99% used [0x00000000f7600000,0x00000000f7bf9098,0x00000000f7c00000)
  to   space 12800K, 0% used [0x00000000f6300000,0x00000000f6300000,0x00000000f6f80000)
 ParOldGen       total 55808K, used 40534K [0x00000000c3c00000, 0x00000000c7280000, 0x00000000ebe80000)
  object space 55808K, 72% used [0x00000000c3c00000,0x00000000c6395b80,0x00000000c7280000)
 PSPermGen       total 80896K, used 54376K [0x00000000b9600000, 0x00000000be500000, 0x00000000c3c00000)
  object space 80896K, 67% used [0x00000000b9600000,0x00000000bcb1a0e0,0x00000000be500000)
}

