# JRE version: OpenJDK Runtime Environment (7.0_65-b32) (build 1.7.0_65-b32)
# Java VM: OpenJDK 64-Bit Server VM (24.65-b04 mixed mode linux-amd64 compressed oops)
Heap
 PSYoungGen      total 82944K, used 2645K [0x00000000ebe80000, 0x00000000f1380000, 0x0000000100000000)
  eden space 78848K, 0% used [0x00000000ebe80000,0x00000000ebe80000,0x00000000f0b80000)
  from space 4096K, 64% used [0x00000000f0b80000,0x00000000f0e15410,0x00000000f0f80000)
  to   space 4096K, 0% used [0x00000000f0f80000,0x00000000f0f80000,0x00000000f1380000)
 ParOldGen       total 40960K, used 8089K [0x00000000c3c00000, 0x00000000c6400000, 0x00000000ebe80000)
  object space 40960K, 19% used [0x00000000c3c00000,0x00000000c43e6648,0x00000000c6400000)
 PSPermGen       total 21504K, used 18976K [0x00000000b9600000, 0x00000000bab00000, 0x00000000c3c00000)
  object space 21504K, 88% used [0x00000000b9600000,0x00000000ba888360,0x00000000bab00000)
GC Heap History (10 events):
Event: 6.518 GC heap after
Heap after GC invocations=8 (full 0):
 PSYoungGen      total 34816K, used 2368K [0x00000000ebe80000, 0x00000000ee480000, 0x0000000100000000)
  eden space 30720K, 0% used [0x00000000ebe80000,0x00000000ebe80000,0x00000000edc80000)
  from space 4096K, 57% used [0x00000000ee080000,0x00000000ee2d0248,0x00000000ee480000)
  to   space 4096K, 0% used [0x00000000edc80000,0x00000000edc80000,0x00000000ee080000)
 ParOldGen       total 40960K, used 3587K [0x00000000c3c00000, 0x00000000c6400000, 0x00000000ebe80000)
  object space 40960K, 8% used [0x00000000c3c00000,0x00000000c3f80fe8,0x00000000c6400000)
 PSPermGen       total 21504K, used 11717K [0x00000000b9600000, 0x00000000bab00000, 0x00000000c3c00000)
  object space 21504K, 54% used [0x00000000b9600000,0x00000000ba171760,0x00000000bab00000)
}
Event: 6.956 GC heap before
{Heap before GC invocations=9 (full 0):
 PSYoungGen      total 34816K, used 33088K [0x00000000ebe80000, 0x00000000ee480000, 0x0000000100000000)
  eden space 30720K, 100% used [0x00000000ebe80000,0x00000000edc80000,0x00000000edc80000)
  from space 4096K, 57% used [0x00000000ee080000,0x00000000ee2d0248,0x00000000ee480000)
  to   space 4096K, 0% used [0x00000000edc80000,0x00000000edc80000,0x00000000ee080000)
 ParOldGen       total 40960K, used 3587K [0x00000000c3c00000, 0x00000000c6400000, 0x00000000ebe80000)
  object space 40960K, 8% used [0x00000000c3c00000,0x00000000c3f80fe8,0x00000000c6400000)
 PSPermGen       total 21504K, used 12307K [0x00000000b9600000, 0x00000000bab00000, 0x00000000c3c00000)
  object space 21504K, 57% used [0x00000000b9600000,0x00000000ba204f28,0x00000000bab00000)
Event: 6.972 GC heap after
Heap after GC invocations=9 (full 0):
 PSYoungGen      total 34816K, used 2476K [0x00000000ebe80000, 0x00000000ef680000, 0x0000000100000000)
  eden space 30720K, 0% used [0x00000000ebe80000,0x00000000ebe80000,0x00000000edc80000)
  from space 4096K, 60% used [0x00000000edc80000,0x00000000edeeb070,0x00000000ee080000)
  to   space 4096K, 0% used [0x00000000ef280000,0x00000000ef280000,0x00000000ef680000)
 ParOldGen       total 40960K, used 4445K [0x00000000c3c00000, 0x00000000c6400000, 0x00000000ebe80000)
  object space 40960K, 10% used [0x00000000c3c00000,0x00000000c4057470,0x00000000c6400000)
 PSPermGen       total 21504K, used 12307K [0x00000000b9600000, 0x00000000bab00000, 0x00000000c3c00000)
  object space 21504K, 57% used [0x00000000b9600000,0x00000000ba204f28,0x00000000bab00000)
}
Event: 7.440 GC heap before
{Heap before GC invocations=10 (full 0):
 PSYoungGen      total 34816K, used 33196K [0x00000000ebe80000, 0x00000000ef680000, 0x0000000100000000)
  eden space 30720K, 100% used [0x00000000ebe80000,0x00000000edc80000,0x00000000edc80000)
  from space 4096K, 60% used [0x00000000edc80000,0x00000000edeeb070,0x00000000ee080000)
  to   space 4096K, 0% used [0x00000000ef280000,0x00000000ef280000,0x00000000ef680000)
 ParOldGen       total 40960K, used 4445K [0x00000000c3c00000, 0x00000000c6400000, 0x00000000ebe80000)
  object space 40960K, 10% used [0x00000000c3c00000,0x00000000c4057470,0x00000000c6400000)
 PSPermGen       total 21504K, used 13044K [0x00000000b9600000, 0x00000000bab00000, 0x00000000c3c00000)
  object space 21504K, 60% used [0x00000000b9600000,0x00000000ba2bd298,0x00000000bab00000)
Event: 7.445 GC heap after
Heap after GC invocations=10 (full 0):
 PSYoungGen      total 53248K, used 1962K [0x00000000ebe80000, 0x00000000ef680000, 0x0000000100000000)
  eden space 49152K, 0% used [0x00000000ebe80000,0x00000000ebe80000,0x00000000eee80000)
  from space 4096K, 47% used [0x00000000ef280000,0x00000000ef46a8a0,0x00000000ef680000)
  to   space 4096K, 0% used [0x00000000eee80000,0x00000000eee80000,0x00000000ef280000)
 ParOldGen       total 40960K, used 5461K [0x00000000c3c00000, 0x00000000c6400000, 0x00000000ebe80000)
  object space 40960K, 13% used [0x00000000c3c00000,0x00000000c4155470,0x00000000c6400000)
 PSPermGen       total 21504K, used 13044K [0x00000000b9600000, 0x00000000bab00000, 0x00000000c3c00000)
  object space 21504K, 60% used [0x00000000b9600000,0x00000000ba2bd298,0x00000000bab00000)
}
Event: 8.631 GC heap before
{Heap before GC invocations=11 (full 0):
 PSYoungGen      total 53248K, used 51114K [0x00000000ebe80000, 0x00000000ef680000, 0x0000000100000000)
  eden space 49152K, 100% used [0x00000000ebe80000,0x00000000eee80000,0x00000000eee80000)
  from space 4096K, 47% used [0x00000000ef280000,0x00000000ef46a8a0,0x00000000ef680000)
  to   space 4096K, 0% used [0x00000000eee80000,0x00000000eee80000,0x00000000ef280000)
 ParOldGen       total 40960K, used 5461K [0x00000000c3c00000, 0x00000000c6400000, 0x00000000ebe80000)
  object space 40960K, 13% used [0x00000000c3c00000,0x00000000c4155470,0x00000000c6400000)
 PSPermGen       total 21504K, used 14764K [0x00000000b9600000, 0x00000000bab00000, 0x00000000c3c00000)
  object space 21504K, 68% used [0x00000000b9600000,0x00000000ba46b2f0,0x00000000bab00000)
Event: 8.636 GC heap after
Heap after GC invocations=11 (full 0):
 PSYoungGen      total 53248K, used 2821K [0x00000000ebe80000, 0x00000000f1380000, 0x0000000100000000)
  eden space 49152K, 0% used [0x00000000ebe80000,0x00000000ebe80000,0x00000000eee80000)
  from space 4096K, 68% used [0x00000000eee80000,0x00000000ef141588,0x00000000ef280000)
  to   space 4096K, 0% used [0x00000000f0f80000,0x00000000f0f80000,0x00000000f1380000)
 ParOldGen       total 40960K, used 6493K [0x00000000c3c00000, 0x00000000c6400000, 0x00000000ebe80000)
  object space 40960K, 15% used [0x00000000c3c00000,0x00000000c4257790,0x00000000c6400000)
 PSPermGen       total 21504K, used 14764K [0x00000000b9600000, 0x00000000bab00000, 0x00000000c3c00000)
  object space 21504K, 68% used [0x00000000b9600000,0x00000000ba46b2f0,0x00000000bab00000)
}
Event: 9.979 GC heap before
{Heap before GC invocations=12 (full 0):
 PSYoungGen      total 53248K, used 51973K [0x00000000ebe80000, 0x00000000f1380000, 0x0000000100000000)
  eden space 49152K, 100% used [0x00000000ebe80000,0x00000000eee80000,0x00000000eee80000)
  from space 4096K, 68% used [0x00000000eee80000,0x00000000ef141588,0x00000000ef280000)
  to   space 4096K, 0% used [0x00000000f0f80000,0x00000000f0f80000,0x00000000f1380000)
 ParOldGen       total 40960K, used 6493K [0x00000000c3c00000, 0x00000000c6400000, 0x00000000ebe80000)
  object space 40960K, 15% used [0x00000000c3c00000,0x00000000c4257790,0x00000000c6400000)
 PSPermGen       total 21504K, used 16832K [0x00000000b9600000, 0x00000000bab00000, 0x00000000c3c00000)
  object space 21504K, 78% used [0x00000000b9600000,0x00000000ba670250,0x00000000bab00000)
Event: 9.994 GC heap after
Heap after GC invocations=12 (full 0):
 PSYoungGen      total 82944K, used 3009K [0x00000000ebe80000, 0x00000000f1380000, 0x0000000100000000)
  eden space 78848K, 0% used [0x00000000ebe80000,0x00000000ebe80000,0x00000000f0b80000)
  from space 4096K, 73% used [0x00000000f0f80000,0x00000000f12705b8,0x00000000f1380000)
  to   space 4096K, 0% used [0x00000000f0b80000,0x00000000f0b80000,0x00000000f0f80000)
 ParOldGen       total 40960K, used 7265K [0x00000000c3c00000, 0x00000000c6400000, 0x00000000ebe80000)
  object space 40960K, 17% used [0x00000000c3c00000,0x00000000c4318648,0x00000000c6400000)
 PSPermGen       total 21504K, used 16832K [0x00000000b9600000, 0x00000000bab00000, 0x00000000c3c00000)
  object space 21504K, 78% used [0x00000000b9600000,0x00000000ba670250,0x00000000bab00000)
}
Event: 21.290 GC heap before
{Heap before GC invocations=13 (full 0):
 PSYoungGen      total 82944K, used 81857K [0x00000000ebe80000, 0x00000000f1380000, 0x0000000100000000)
  eden space 78848K, 100% used [0x00000000ebe80000,0x00000000f0b80000,0x00000000f0b80000)
  from space 4096K, 73% used [0x00000000f0f80000,0x00000000f12705b8,0x00000000f1380000)
  to   space 4096K, 0% used [0x00000000f0b80000,0x00000000f0b80000,0x00000000f0f80000)
 ParOldGen       total 40960K, used 7265K [0x00000000c3c00000, 0x00000000c6400000, 0x00000000ebe80000)
  object space 40960K, 17% used [0x00000000c3c00000,0x00000000c4318648,0x00000000c6400000)
 PSPermGen       total 21504K, used 18976K [0x00000000b9600000, 0x00000000bab00000, 0x00000000c3c00000)
  object space 21504K, 88% used [0x00000000b9600000,0x00000000ba888360,0x00000000bab00000)

